生成启动时间为 2013/11/15 16:52:24。
     1>项目“D:\workspace\Cpp\POJ\1001Exponentiation\1001Exponentiation.vcxproj”在节点 4 上(build 个目标)。
     1>InitializeBuildStatus:
         正在创建“Debug\1001 Exponentiation.unsuccessfulbuild”，因为已指定“AlwaysCreate”。
       ClCompile:
         所有输出均为最新。
       ManifestResourceCompile:
         C:\Program Files\Microsoft SDKs\Windows\v7.0A\bin\rc.exe /nologo /fo"Debug\1001 Exponentiation.exe.embed.manifest.res" "Debug\1001 Exponentiation_manifest.rc" 
       Link:
         C:\Program Files\Microsoft Visual Studio 10.0\VC\bin\link.exe /ERRORREPORT:PROMPT /OUT:"D:\workspace\Cpp\POJ\Debug\1001 Exponentiation.exe" /INCREMENTAL /NOLOGO kernel32.lib user32.lib gdi32.lib winspool.lib comdlg32.lib advapi32.lib shell32.lib ole32.lib oleaut32.lib uuid.lib odbc32.lib odbccp32.lib /MANIFEST /ManifestFile:"Debug\1001 Exponentiation.exe.intermediate.manifest" /MANIFESTUAC:"level='asInvoker' uiAccess='false'" /DEBUG /PDB:"D:\workspace\Cpp\POJ\Debug\1001 Exponentiation.pdb" /SUBSYSTEM:CONSOLE /TLBID:1 /DYNAMICBASE /NXCOMPAT /IMPLIB:"D:\workspace\Cpp\POJ\Debug\1001 Exponentiation.lib" /MACHINE:X86 "Debug\1001 Exponentiation.exe.embed.manifest.res"
         Debug\main.obj
       Manifest:
         C:\Program Files\Microsoft SDKs\Windows\v7.0A\bin\mt.exe /nologo /verbose /out:"Debug\1001 Exponentiation.exe.embed.manifest" /manifest "Debug\1001 Exponentiation.exe.intermediate.manifest"
         C:\Program Files\Microsoft SDKs\Windows\v7.0A\bin\rc.exe /nologo /fo"Debug\1001 Exponentiation.exe.embed.manifest.res" "Debug\1001 Exponentiation_manifest.rc" 
       LinkEmbedManifest:
         C:\Program Files\Microsoft Visual Studio 10.0\VC\bin\link.exe /ERRORREPORT:PROMPT /OUT:"D:\workspace\Cpp\POJ\Debug\1001 Exponentiation.exe" /INCREMENTAL /NOLOGO kernel32.lib user32.lib gdi32.lib winspool.lib comdlg32.lib advapi32.lib shell32.lib ole32.lib oleaut32.lib uuid.lib odbc32.lib odbccp32.lib /MANIFEST /ManifestFile:"Debug\1001 Exponentiation.exe.intermediate.manifest" /MANIFESTUAC:"level='asInvoker' uiAccess='false'" /DEBUG /PDB:"D:\workspace\Cpp\POJ\Debug\1001 Exponentiation.pdb" /SUBSYSTEM:CONSOLE /TLBID:1 /DYNAMICBASE /NXCOMPAT /IMPLIB:"D:\workspace\Cpp\POJ\Debug\1001 Exponentiation.lib" /MACHINE:X86 "Debug\1001 Exponentiation.exe.embed.manifest.res"
         Debug\main.obj
         1001Exponentiation.vcxproj -> D:\workspace\Cpp\POJ\Debug\1001 Exponentiation.exe
       FinalizeBuildStatus:
         正在删除文件“Debug\1001 Exponentiation.unsuccessfulbuild”。
         正在对“Debug\1001 Exponentiation.lastbuildstate”执行 Touch 任务。
     1>已完成生成项目“D:\workspace\Cpp\POJ\1001Exponentiation\1001Exponentiation.vcxproj”(build 个目标)的操作。

生成成功。

已用时间 00:00:00.90
